================================================================
== Design Size Report
================================================================

* Total Instructions per Compilation Phase
+---------------+-----------------------------+--------------+----------------------------------------------------------------------------------------+
| Phase         | Step                        | Instructions | Description                                                                            |
+---------------+-----------------------------+--------------+----------------------------------------------------------------------------------------+
| Compile/Link  |                             | 10,675       | After all functions are compiled and linked into a single design                       |
|               |                             |              |                                                                                        |
| Unroll/Inline |                             |              | After user unroll and inline pragmas are applied                                       |
|               | (1) unroll                  |    799       | user unroll pragmas are applied                                                        |
|               | (2) simplification          |    534       | simplification of applied user unroll pragmas                                          |
|               | (3) inline                  |    556       | user inline pragmas are applied                                                        |
|               | (4) simplification          |    459       | simplification of applied user inline pragmas                                          |
|               |                             |              |                                                                                        |
| Array/Struct  |                             |              | After user array partition and struct aggregate/disaggregate pragmas are applied       |
|               | (1) array partition         |    457       | user array partition pragmas are applied                                               |
|               | (2) simplification          |    457       | simplification of applied user array partition & struct aggregate/disaggregate pragmas |
|               | (3) aggregate/disaggregate  |    457       | user struct aggregate/disaggregate pragmas are applied                                 |
|               | (4) array reshape           |    457       | apply array reshape pragmas                                                            |
|               | (5) access patterns         |    457       | array access pattern optmizations                                                      |
|               |                             |              |                                                                                        |
| Performance   |                             |              | After transformations are applied to meet performance pragma targets                   |
|               | (1) loop simplification     |    377       | loop and instruction simplification                                                    |
|               | (2) parallelization         |    377       | loops are unrolled or pipelined to meet performance targets                            |
|               | (3) array partition         |    377       | arrays are partitioned to meet performance targets                                     |
|               | (4) simplification          |    377       | simplification of design after performance transformations                             |
|               |                             |              |                                                                                        |
| HW Transforms |                             |              | After hardware transfomations                                                          |
|               | (1) lowering                |    380       | initial conversion to HW specific instructions                                         |
|               | (2) optimizations           |    373       | high level synthesis optimizations                                                     |
+---------------+-----------------------------+--------------+----------------------------------------------------------------------------------------+

* Instructions per Function for each Compilation Phase
+--------------+------------------+-----------------+---------------+---------------+---------------+---------------+
| Function     | Location         | Compile/Link    | Unroll/Inline | Array/Struct  | Performance   | HW Transforms |
+--------------+------------------+-----------------+---------------+---------------+---------------+---------------+
| + hart       | hart.cpp:7       | 10,675          | 459           | 457           | 377           | 373           |
|    OP_AL_32I | OP_AL_32I.cpp:5  | 5,326 (2 calls) | 262 (2 calls) | 262 (2 calls) | 202 (2 calls) | 202 (2 calls) |
|    OP_AL_32B | OP_AL_32I.cpp:66 |   483           |               |               |               |               |
+--------------+------------------+-----------------+---------------+---------------+---------------+---------------+

* Design Size Message Settings
+---------------------------------------------+--------+------------------------------------------------------------------+
| Message Setting                             | Value  | Description                                                      |
+---------------------------------------------+--------+------------------------------------------------------------------+
| config_compile -design_size_maximum_warning | 100000 | Show a warning when total design instructions exceeds this value |
+---------------------------------------------+--------+------------------------------------------------------------------+


