

================================================================
== Synthesis Summary Report of 'hart'
================================================================
+ General Information: 
    * Date:           Wed Mar  6 07:47:00 2024
    * Version:        2023.2.2 (Build 4101106 on Feb  9 2024)
    * Project:        denem6
    * Solution:       solution1 (Vivado IP Flow Target)
    * Product family: zynquplus
    * Target device:  xczu7ev-ffvf1517-3-e
    

+ Performance & Resource Estimates: 
    
    PS: '+' for module; 'o' for loop; '*' for dataflow
    +--------------+------+------+---------+--------+----------+---------+------+----------+---------+----+-----------+------------+-----+
    |    Modules   | Issue|      | Latency | Latency| Iteration|         | Trip |          |         |    |           |            |     |
    |    & Loops   | Type | Slack| (cycles)|  (ns)  |  Latency | Interval| Count| Pipelined|  BRAM   | DSP|     FF    |     LUT    | URAM|
    +--------------+------+------+---------+--------+----------+---------+------+----------+---------+----+-----------+------------+-----+
    |+ hart        |     -|  2.24|        3|  30.000|         -|        4|     -|        no|  2 (~0%)|   -|  139 (~0%)|  1905 (~0%)|    -|
    | + OP_AL_32I  |     -|  4.44|        0|   0.000|         -|        0|     -|        no|        -|   -|          -|  1200 (~0%)|    -|
    +--------------+------+------+---------+--------+----------+---------+------+----------+---------+----+-----------+------------+-----+


================================================================
== HW Interfaces
================================================================
* Other Ports
+-----------+---------+-----------+----------+
| Port      | Mode    | Direction | Bitwidth |
+-----------+---------+-----------+----------+
| ap_return |         | out       | 32       |
| inst      | ap_none | in        | 32       |
| pc        | ap_none | in        | 32       |
+-----------+---------+-----------+----------+

* TOP LEVEL CONTROL
+-----------+------------+-----------------------------------+
| Interface | Type       | Ports                             |
+-----------+------------+-----------------------------------+
| ap_clk    | clock      | ap_clk                            |
| ap_rst    | reset      | ap_rst                            |
| ap_ctrl   | ap_ctrl_hs | ap_done ap_idle ap_ready ap_start |
+-----------+------------+-----------------------------------+


================================================================
== SW I/O Information
================================================================
* Top Function Arguments
+----------+-----------+-------------+
| Argument | Direction | Datatype    |
+----------+-----------+-------------+
| inst     | in        | ap_int<32>  |
| pc       | in        | ap_uint<32> |
| return   | out       | ap_uint<32> |
+----------+-----------+-------------+

* SW-to-HW Mapping
+----------+--------------+---------+
| Argument | HW Interface | HW Type |
+----------+--------------+---------+
| inst     | inst         | port    |
| pc       | pc           | port    |
| return   | ap_return    | port    |
+----------+--------------+---------+


================================================================
== Bind Op Report
================================================================
+------------------------+-----+--------+-----------+-----+--------+---------+
| Name                   | DSP | Pragma | Variable  | Op  | Impl   | Latency |
+------------------------+-----+--------+-----------+-----+--------+---------+
| + hart                 | 0   |        |           |     |        |         |
|   grp_fu_292_p2        |     |        | add_ln78  | add | fabric | 0       |
|   next_pc_fu_475_p2    |     |        | next_pc   | add | fabric | 0       |
|   grp_fu_292_p2        |     |        | add_ln73  | add | fabric | 0       |
|   add_ln70_fu_506_p2   |     |        | add_ln70  | add | fabric | 0       |
|   grp_fu_292_p2        |     |        | next_pc_2 | add | fabric | 0       |
|   next_pc_1_fu_655_p2  |     |        | next_pc_1 | add | fabric | 0       |
|  + OP_AL_32I           | 0   |        |           |     |        |         |
|    grp_fu_252_p2       |     |        | rd_val_1  | add | fabric | 0       |
|    grp_fu_272_p2       |     |        | sub_ln29  | sub | fabric | 0       |
|    rd_val_14_fu_383_p2 |     |        | rd_val_14 | sub | fabric | 0       |
|    grp_fu_272_p2       |     |        | sub_ln20  | sub | fabric | 0       |
|    grp_fu_272_p2       |     |        | sub_ln16  | sub | fabric | 0       |
|    grp_fu_252_p2       |     |        | rd_val_8  | add | fabric | 0       |
+------------------------+-----+--------+-----------+-----+--------+---------+


================================================================
== Storage Report
================================================================
+--------+---------+------+------+------+--------+----------+------+---------+------------------+
| Name   | Usage   | Type | BRAM | URAM | Pragma | Variable | Impl | Latency | Bitwidth, Depth, |
|        |         |      |      |      |        |          |      |         | Banks            |
+--------+---------+------+------+------+--------+----------+------+---------+------------------+
| + hart |         |      | 2    | 0    |        |          |      |         |                  |
|   rf_U | ram_t2p |      | 2    |      |        | rf       | auto | 1       | 32, 32, 1        |
+--------+---------+------+------+------+--------+----------+------+---------+------------------+


================================================================
== Pragma Report
================================================================
  No pragmas found

